2023-10-03 16:52:41.000 | INFO     | main_functions:extract_data_mt5:40 - MetaTrader5 package author: %s
2023-10-03 16:52:41.005 | INFO     | main_functions:extract_data_mt5:41 - MetaTrader5 package version: %s
2023-10-03 16:52:41.007 | INFO     | main_functions:extract_data_mt5:54 - history_deals_get(%s, %s) = %d
2023-10-03 16:52:41.023 | INFO     | main_functions:data_transformation:77 - Data transformation in process ....
2023-10-03 16:52:41.037 | INFO     | main_functions:data_transformation:92 - Data transformation done!
2023-10-03 16:52:41.037 | INFO     | __main__:load:41 - Start inserting data into {}
2023-10-03 16:52:41.038 | INFO     | __main__:load:43 - Data extraction completed at 2023-10-03 16:52:41.038668
2023-10-03 16:52:41.038 | INFO     | __main__:load:44 - Program completed successfully.
2023-10-03 16:59:24.900 | INFO     | main_functions:extract_data_mt5:40 - MetaTrader5 package author: %s
2023-10-03 16:59:24.901 | INFO     | main_functions:extract_data_mt5:41 - MetaTrader5 package version: %s
2023-10-03 16:59:24.902 | INFO     | main_functions:extract_data_mt5:54 - history_deals_get(%s, %s) = %d
2023-10-03 16:59:24.905 | INFO     | main_functions:data_transformation:77 - Data transformation in process ....
2023-10-03 16:59:24.908 | INFO     | main_functions:data_transformation:92 - Data transformation done!
2023-10-03 16:59:24.909 | INFO     | __main__:load:41 - Start inserting data into {}
2023-10-03 16:59:24.909 | INFO     | __main__:load:43 - Data extraction completed at 2023-10-03 16:59:24.909117
2023-10-03 16:59:24.909 | INFO     | __main__:load:44 - Program completed successfully.
2023-10-03 17:05:07.876 | INFO     | main_functions:extract_data_mt5:40 - MetaTrader5 package author: %s
2023-10-03 17:05:07.877 | INFO     | main_functions:extract_data_mt5:41 - MetaTrader5 package version: %s
2023-10-03 17:05:07.878 | INFO     | main_functions:extract_data_mt5:54 - history_deals_get(%s, %s) = %d
2023-10-03 17:05:07.881 | INFO     | main_functions:data_transformation:77 - Data transformation in process ....
2023-10-03 17:05:07.884 | INFO     | main_functions:data_transformation:92 - Data transformation done!
2023-10-03 17:05:07.884 | INFO     | __main__:load:41 - Start inserting data into {}
2023-10-03 17:05:07.884 | INFO     | __main__:load:43 - Data extraction completed at 2023-10-03 17:05:07.884194
2023-10-03 17:05:07.884 | INFO     | __main__:load:44 - Program completed successfully.
2023-10-03 17:15:40.651 | INFO     | main_functions:extract_data_mt5:40 - MetaTrader5 package author: %s
2023-10-03 17:15:40.652 | INFO     | main_functions:extract_data_mt5:41 - MetaTrader5 package version: %s
2023-10-03 17:15:40.654 | INFO     | main_functions:extract_data_mt5:54 - history_deals_get(%s, %s) = %d
2023-10-03 17:15:40.658 | INFO     | main_functions:data_transformation:77 - Data transformation in process ....
2023-10-03 17:15:40.661 | INFO     | main_functions:data_transformation:92 - Data transformation done!
2023-10-03 17:15:40.662 | INFO     | __main__:load:41 - Start inserting data into {}
2023-10-03 17:15:40.662 | INFO     | __main__:load:43 - Data extraction completed at 2023-10-03 17:15:40.662866
2023-10-03 17:15:40.662 | INFO     | __main__:load:44 - Program completed successfully.
2023-10-03 18:03:17.182 | INFO     | main_functions:extract_data_mt5:40 - MetaTrader5 package author: %s
2023-10-03 18:03:17.183 | INFO     | main_functions:extract_data_mt5:41 - MetaTrader5 package version: %s
2023-10-03 18:03:17.183 | INFO     | main_functions:extract_data_mt5:54 - history_deals_get(%s, %s) = %d
2023-10-03 18:03:17.189 | INFO     | main_functions:data_transformation:77 - Data transformation in process ....
2023-10-03 18:03:17.194 | INFO     | main_functions:data_transformation:92 - Data transformation done!
2023-10-03 18:03:17.194 | INFO     | __main__:load:41 - Start inserting data into {}
2023-10-03 18:03:17.194 | INFO     | __main__:load:43 - Data extraction completed at 2023-10-03 18:03:17.194262
2023-10-03 18:03:17.194 | INFO     | __main__:load:44 - Program completed successfully.
2023-10-04 15:37:26.103 | INFO     | main_functions:extract_data_mt5:40 - MetaTrader5 package author: %s
2023-10-04 15:37:26.104 | INFO     | main_functions:extract_data_mt5:41 - MetaTrader5 package version: %s
2023-10-04 15:37:26.105 | INFO     | main_functions:extract_data_mt5:54 - history_deals_get(%s, %s) = %d
2023-10-04 15:37:26.111 | INFO     | main_functions:data_transformation:77 - Data transformation in process ....
2023-10-04 15:37:26.116 | INFO     | main_functions:data_transformation:92 - Data transformation done!
2023-10-04 15:37:26.116 | INFO     | __main__:load:41 - Start inserting data into {}
2023-10-04 15:37:26.117 | INFO     | __main__:load:43 - Data extraction completed at 2023-10-04 15:37:26.117515
2023-10-04 15:37:26.117 | INFO     | __main__:load:44 - Program completed successfully.
2023-10-04 15:41:02.661 | INFO     | main_functions:extract_data_mt5:40 - MetaTrader5 package author: %s
2023-10-04 15:41:02.663 | INFO     | main_functions:extract_data_mt5:41 - MetaTrader5 package version: %s
2023-10-04 15:41:02.664 | INFO     | main_functions:extract_data_mt5:54 - history_deals_get(%s, %s) = %d
2023-10-04 15:41:02.667 | INFO     | main_functions:data_transformation:77 - Data transformation in process ....
2023-10-04 15:41:02.670 | INFO     | main_functions:data_transformation:92 - Data transformation done!
2023-10-04 15:41:02.671 | INFO     | __main__:load:41 - Start inserting data into {}
2023-10-04 15:41:02.671 | INFO     | __main__:load:43 - Data extraction completed at 2023-10-04 15:41:02.671992
2023-10-04 15:41:02.671 | INFO     | __main__:load:44 - Program completed successfully.
2023-10-09 12:59:31.660 | INFO     | main_functions:extract_data_mt5:45 - MetaTrader5 package author: %s
2023-10-09 12:59:31.661 | INFO     | main_functions:extract_data_mt5:46 - MetaTrader5 package version: %s
2023-10-09 12:59:31.662 | INFO     | main_functions:extract_data_mt5:59 - history_deals_get(%s, %s) = %d
2023-10-09 12:59:31.671 | INFO     | main_functions:data_transformation:84 - Data transformation in process ....
2023-10-09 12:59:31.680 | INFO     | main_functions:data_transformation:97 - Data transformation done!
2023-10-09 12:59:31.680 | INFO     | __main__:load:43 - Start inserting data into {}
2023-10-09 12:59:31.680 | INFO     | __main__:load:45 - Data extraction completed at 2023-10-09 12:59:31.680274
2023-10-09 12:59:31.680 | INFO     | __main__:load:46 - Program completed successfully.
2023-10-09 13:44:12.865 | INFO     | main_functions:extract_data_mt5:45 - MetaTrader5 package author: %s
2023-10-09 13:44:12.866 | INFO     | main_functions:extract_data_mt5:46 - MetaTrader5 package version: %s
2023-10-09 13:44:12.866 | INFO     | main_functions:extract_data_mt5:59 - history_deals_get(%s, %s) = %d
2023-10-09 13:44:12.871 | INFO     | main_functions:data_transformation:84 - Data transformation in process ....
2023-10-09 13:44:12.875 | INFO     | main_functions:data_transformation:97 - Data transformation done!
2023-10-09 13:44:12.875 | INFO     | __main__:load:43 - Start inserting data into {}
2023-10-09 13:44:12.875 | INFO     | __main__:load:45 - Data extraction completed at 2023-10-09 13:44:12.875661
2023-10-09 13:44:12.875 | INFO     | __main__:load:46 - Program completed successfully.
2023-10-09 13:49:00.669 | INFO     | main_functions:extract_data_mt5:45 - MetaTrader5 package author: %s
2023-10-09 13:49:00.671 | INFO     | main_functions:extract_data_mt5:46 - MetaTrader5 package version: %s
2023-10-09 13:49:00.672 | INFO     | main_functions:extract_data_mt5:59 - history_deals_get(%s, %s) = %d
2023-10-09 13:49:00.679 | INFO     | main_functions:data_transformation:84 - Data transformation in process ....
2023-10-09 13:49:00.683 | INFO     | main_functions:data_transformation:97 - Data transformation done!
2023-10-09 13:49:00.684 | INFO     | __main__:load:43 - Start inserting data into {}
2023-10-09 13:49:00.684 | INFO     | __main__:load:45 - Data extraction completed at 2023-10-09 13:49:00.684266
2023-10-09 13:49:00.684 | INFO     | __main__:load:46 - Program completed successfully.
2023-10-09 14:05:48.289 | INFO     | main_functions:extract_data_mt5:46 - MetaTrader5 package author: %s
2023-10-09 14:05:48.289 | INFO     | main_functions:extract_data_mt5:47 - MetaTrader5 package version: %s
2023-10-09 14:05:48.291 | INFO     | main_functions:extract_data_mt5:60 - history_deals_get(%s, %s) = %d
2023-10-09 14:05:48.296 | INFO     | main_functions:data_transformation:85 - Data transformation in process ....
2023-10-09 14:05:48.300 | INFO     | main_functions:data_transformation:98 - Data transformation done!
2023-10-09 14:05:48.300 | INFO     | __main__:load:43 - Start inserting data into {}
2023-10-09 14:05:48.300 | INFO     | __main__:load:45 - Data extraction completed at 2023-10-09 14:05:48.300320
2023-10-09 14:05:48.300 | INFO     | __main__:load:46 - Program completed successfully.
2023-10-09 16:58:46.437 | INFO     | fx_analytics.main_functions:extract_data_mt5:46 - MetaTrader5 package author: %s
2023-10-09 16:58:46.439 | INFO     | fx_analytics.main_functions:extract_data_mt5:47 - MetaTrader5 package version: %s
2023-10-09 16:58:46.441 | INFO     | fx_analytics.main_functions:extract_data_mt5:60 - history_deals_get(%s, %s) = %d
2023-10-09 16:58:46.445 | INFO     | fx_analytics.main_functions:data_transformation:85 - Data transformation in process ....
2023-10-09 16:58:46.449 | INFO     | fx_analytics.main_functions:data_transformation:98 - Data transformation done!
2023-10-09 16:58:46.449 | INFO     | __main__:load:45 - Start inserting data into {}
2023-10-09 16:58:46.449 | INFO     | __main__:load:47 - Data extraction completed at 2023-10-09 16:58:46.449591
2023-10-09 16:58:46.449 | INFO     | __main__:load:48 - Program completed successfully.
2023-10-09 17:19:18.871 | INFO     | fx_analytics.main_functions:extract_data_mt5:46 - MetaTrader5 package author: %s
2023-10-09 17:19:18.872 | INFO     | fx_analytics.main_functions:extract_data_mt5:47 - MetaTrader5 package version: %s
2023-10-09 17:19:18.873 | INFO     | fx_analytics.main_functions:extract_data_mt5:60 - history_deals_get(%s, %s) = %d
2023-10-09 17:19:18.875 | INFO     | fx_analytics.main_functions:data_transformation:85 - Data transformation in process ....
2023-10-09 17:19:18.879 | INFO     | fx_analytics.main_functions:data_transformation:98 - Data transformation done!
2023-10-09 17:19:18.879 | INFO     | __main__:load:45 - Start inserting data into {}
2023-10-09 17:19:18.879 | INFO     | __main__:load:47 - Data extraction completed at 2023-10-09 17:19:18.879344
2023-10-09 17:19:18.879 | INFO     | __main__:load:48 - Program completed successfully.
