2023-10-09 15:09:25.451 | INFO     | main_functions:extract_data_mt5:46 - MetaTrader5 package author: %s
2023-10-09 15:09:25.453 | INFO     | main_functions:extract_data_mt5:47 - MetaTrader5 package version: %s
2023-10-09 15:09:25.454 | INFO     | main_functions:extract_data_mt5:60 - history_deals_get(%s, %s) = %d
2023-10-09 15:09:25.463 | INFO     | main_functions:data_transformation:85 - Data transformation in process ....
2023-10-09 15:09:25.472 | INFO     | main_functions:data_transformation:98 - Data transformation done!
2023-10-09 15:09:25.472 | INFO     | __main__:load:43 - Start inserting data into {}
2023-10-09 15:09:25.473 | INFO     | __main__:load:45 - Data extraction completed at 2023-10-09 15:09:25.473009
2023-10-09 15:09:25.473 | INFO     | __main__:load:46 - Program completed successfully.
2023-10-09 15:10:11.605 | INFO     | main_functions:extract_data_mt5:46 - MetaTrader5 package author: %s
2023-10-09 15:10:11.606 | INFO     | main_functions:extract_data_mt5:47 - MetaTrader5 package version: %s
2023-10-09 15:10:11.607 | INFO     | main_functions:extract_data_mt5:60 - history_deals_get(%s, %s) = %d
2023-10-09 15:10:11.611 | INFO     | main_functions:data_transformation:85 - Data transformation in process ....
2023-10-09 15:10:11.615 | INFO     | main_functions:data_transformation:98 - Data transformation done!
2023-10-09 15:10:11.615 | INFO     | __main__:load:43 - Start inserting data into {}
2023-10-09 15:10:11.615 | INFO     | __main__:load:45 - Data extraction completed at 2023-10-09 15:10:11.615480
2023-10-09 15:10:11.615 | INFO     | __main__:load:46 - Program completed successfully.
2023-10-09 15:51:47.606 | INFO     | main_functions:extract_data_mt5:46 - MetaTrader5 package author: %s
2023-10-09 15:51:47.607 | INFO     | main_functions:extract_data_mt5:47 - MetaTrader5 package version: %s
2023-10-09 15:51:47.609 | INFO     | main_functions:extract_data_mt5:60 - history_deals_get(%s, %s) = %d
2023-10-09 15:51:47.614 | INFO     | main_functions:data_transformation:85 - Data transformation in process ....
2023-10-09 15:51:47.619 | INFO     | main_functions:data_transformation:98 - Data transformation done!
2023-10-09 15:51:47.619 | INFO     | __main__:load:43 - Start inserting data into {}
2023-10-09 15:51:47.619 | INFO     | __main__:load:45 - Data extraction completed at 2023-10-09 15:51:47.619620
2023-10-09 15:51:47.619 | INFO     | __main__:load:46 - Program completed successfully.
2023-10-10 11:44:10.563 | INFO     | fx_analytics.main_functions:extract_data_mt5:46 - MetaTrader5 package author: %s
2023-10-10 11:44:10.564 | INFO     | fx_analytics.main_functions:extract_data_mt5:47 - MetaTrader5 package version: %s
2023-10-10 11:44:10.570 | INFO     | fx_analytics.main_functions:extract_data_mt5:60 - history_deals_get(%s, %s) = %d
2023-10-10 11:44:10.573 | INFO     | fx_analytics.main_functions:data_transformation:85 - Data transformation in process ....
2023-10-10 11:44:10.575 | INFO     | fx_analytics.main_functions:data_transformation:98 - Data transformation done!
2023-10-10 11:44:10.576 | INFO     | __main__:load:45 - Start inserting data into {}
2023-10-10 11:44:10.576 | INFO     | __main__:load:47 - Data extraction completed at 2023-10-10 11:44:10.576502
2023-10-10 11:44:10.576 | INFO     | __main__:load:48 - Program completed successfully.
2023-10-10 11:44:38.055 | INFO     | fx_analytics.main_functions:extract_data_mt5:46 - MetaTrader5 package author: %s
2023-10-10 11:44:38.056 | INFO     | fx_analytics.main_functions:extract_data_mt5:47 - MetaTrader5 package version: %s
2023-10-10 11:44:38.057 | INFO     | fx_analytics.main_functions:extract_data_mt5:60 - history_deals_get(%s, %s) = %d
2023-10-10 11:44:38.060 | INFO     | fx_analytics.main_functions:data_transformation:85 - Data transformation in process ....
2023-10-10 11:44:38.062 | INFO     | fx_analytics.main_functions:data_transformation:98 - Data transformation done!
2023-10-10 11:44:38.063 | INFO     | __main__:load:45 - Start inserting data into {}
2023-10-10 11:44:38.063 | INFO     | __main__:load:47 - Data extraction completed at 2023-10-10 11:44:38.063994
2023-10-10 11:44:38.063 | INFO     | __main__:load:48 - Program completed successfully.
